Start testing: Nov 11 23:11 EST
----------------------------------------------------------
1/4 Testing: RequestTest.ParseHostAndPort
1/4 Test: RequestTest.ParseHostAndPort
Command: "/home/ht175/HTTP_Workflow/build/unit_tests" "--gtest_filter=RequestTest.ParseHostAndPort" "--gtest_also_run_disabled_tests"
Directory: /home/ht175/HTTP_Workflow/build
"RequestTest.ParseHostAndPort" start time: Nov 11 23:11 EST
Output:
----------------------------------------------------------
Note: Google Test filter = RequestTest.ParseHostAndPort
[==========] Running 1 test from 1 test suite.
[----------] Global test environment set-up.
[----------] 1 test from RequestTest
[ RUN      ] RequestTest.ParseHostAndPort
[       OK ] RequestTest.ParseHostAndPort (0 ms)
[----------] 1 test from RequestTest (0 ms total)

[----------] Global test environment tear-down
[==========] 1 test from 1 test suite ran. (0 ms total)
[  PASSED  ] 1 test.
<end of output>
Test time =   0.01 sec
----------------------------------------------------------
Test Passed.
"RequestTest.ParseHostAndPort" end time: Nov 11 23:11 EST
"RequestTest.ParseHostAndPort" time elapsed: 00:00:00
----------------------------------------------------------

2/4 Testing: RequestTest.ParseHostWithoutPort
2/4 Test: RequestTest.ParseHostWithoutPort
Command: "/home/ht175/HTTP_Workflow/build/unit_tests" "--gtest_filter=RequestTest.ParseHostWithoutPort" "--gtest_also_run_disabled_tests"
Directory: /home/ht175/HTTP_Workflow/build
"RequestTest.ParseHostWithoutPort" start time: Nov 11 23:11 EST
Output:
----------------------------------------------------------
Note: Google Test filter = RequestTest.ParseHostWithoutPort
[==========] Running 1 test from 1 test suite.
[----------] Global test environment set-up.
[----------] 1 test from RequestTest
[ RUN      ] RequestTest.ParseHostWithoutPort
/home/ht175/HTTP_Workflow/test/test_request.cpp:18: Failure
Expected equality of these values:
  "www.example.com"
  req.getHost()
    Which is: "\x16"
80[  FAILED  ] RequestTest.ParseHostWithoutPort (0 ms)
[----------] 1 test from RequestTest (0 ms total)

[----------] Global test environment tear-down
[==========] 1 test from 1 test suite ran. (0 ms total)
[  PASSED  ] 0 tests.
[  FAILED  ] 1 test, listed below:
[  FAILED  ] RequestTest.ParseHostWithoutPort

 1 FAILED TEST
<end of output>
Test time =   0.01 sec
----------------------------------------------------------
Test Failed.
"RequestTest.ParseHostWithoutPort" end time: Nov 11 23:11 EST
"RequestTest.ParseHostWithoutPort" time elapsed: 00:00:00
----------------------------------------------------------

3/4 Testing: RequestTest.ParseRequestLine
3/4 Test: RequestTest.ParseRequestLine
Command: "/home/ht175/HTTP_Workflow/build/unit_tests" "--gtest_filter=RequestTest.ParseRequestLine" "--gtest_also_run_disabled_tests"
Directory: /home/ht175/HTTP_Workflow/build
"RequestTest.ParseRequestLine" start time: Nov 11 23:11 EST
Output:
----------------------------------------------------------
Note: Google Test filter = RequestTest.ParseRequestLine
[==========] Running 1 test from 1 test suite.
[----------] Global test environment set-up.
[----------] 1 test from RequestTest
[ RUN      ] RequestTest.ParseRequestLine
[       OK ] RequestTest.ParseRequestLine (0 ms)
[----------] 1 test from RequestTest (0 ms total)

[----------] Global test environment tear-down
[==========] 1 test from 1 test suite ran. (0 ms total)
[  PASSED  ] 1 test.
<end of output>
Test time =   0.01 sec
----------------------------------------------------------
Test Passed.
"RequestTest.ParseRequestLine" end time: Nov 11 23:11 EST
"RequestTest.ParseRequestLine" time elapsed: 00:00:00
----------------------------------------------------------

4/4 Testing: RequestTest.ParseMethod
4/4 Test: RequestTest.ParseMethod
Command: "/home/ht175/HTTP_Workflow/build/unit_tests" "--gtest_filter=RequestTest.ParseMethod" "--gtest_also_run_disabled_tests"
Directory: /home/ht175/HTTP_Workflow/build
"RequestTest.ParseMethod" start time: Nov 11 23:11 EST
Output:
----------------------------------------------------------
Note: Google Test filter = RequestTest.ParseMethod
[==========] Running 1 test from 1 test suite.
[----------] Global test environment set-up.
[----------] 1 test from RequestTest
[ RUN      ] RequestTest.ParseMethod
[       OK ] RequestTest.ParseMethod (0 ms)
[----------] 1 test from RequestTest (0 ms total)

[----------] Global test environment tear-down
[==========] 1 test from 1 test suite ran. (0 ms total)
[  PASSED  ] 1 test.
<end of output>
Test time =   0.01 sec
----------------------------------------------------------
Test Passed.
"RequestTest.ParseMethod" end time: Nov 11 23:11 EST
"RequestTest.ParseMethod" time elapsed: 00:00:00
----------------------------------------------------------

End testing: Nov 11 23:11 EST
